android/build/intermediates/manifest_merge_blame_file/release/processReleaseMainManifest/manifest-merger-blame-release-report.txt
1<?xml version="1.0" encoding="utf-8"?>
2<manifest xmlns:android="http://schemas.android.com/apk/res/android"
3    package="com.cinepass"
4    android:versionCode="1"
5    android:versionName="1.0" >
6
7    <uses-sdk
8        android:minSdkVersion="26"
9        android:targetSdkVersion="36" />
10
11    <uses-permission android:name="android.permission.INTERNET" />
11-->src\main\AndroidManifest.xml:4:5-67
11-->src\main\AndroidManifest.xml:4:22-64
12    <uses-permission android:name="android.permission.POST_NOTIFICATIONS" />
12-->src\main\AndroidManifest.xml:5:9-81
12-->src\main\AndroidManifest.xml:5:26-78
13
14    <uses-feature
14-->src\main\AndroidManifest.xml:6:5-85
15        android:name="android.hardware.camera"
15-->src\main\AndroidManifest.xml:6:19-57
16        android:required="false" />
16-->src\main\AndroidManifest.xml:6:58-82
17    <uses-feature
17-->src\main\AndroidManifest.xml:7:5-95
18        android:name="android.hardware.camera.autofocus"
18-->src\main\AndroidManifest.xml:7:19-67
19        android:required="false" />
19-->src\main\AndroidManifest.xml:7:68-92
20
21    <uses-permission android:name="android.permission.WRITE_EXTERNAL_STORAGE" />
22    <uses-permission android:name="android.permission.READ_PHONE_STATE" />
23    <uses-permission android:name="android.permission.READ_EXTERNAL_STORAGE" />
24    <uses-permission android:name="android.permission.ACCESS_NETWORK_STATE" />
24-->[com.google.firebase:firebase-messaging:23.4.0] AndroidManifest.xml:22:5-79
24-->[com.google.firebase:firebase-messaging:23.4.0] AndroidManifest.xml:22:22-76
25    <uses-permission android:name="android.permission.WAKE_LOCK" /> <!-- Required by older versions of Google Play services to create IID tokens -->
25-->[com.google.firebase:firebase-messaging:23.4.0] AndroidManifest.xml:24:5-68
25-->[com.google.firebase:firebase-messaging:23.4.0] AndroidManifest.xml:24:22-65
26    <uses-permission android:name="com.google.android.c2dm.permission.RECEIVE" />
26-->[com.google.firebase:firebase-messaging:23.4.0] AndroidManifest.xml:26:5-82
26-->[com.google.firebase:firebase-messaging:23.4.0] AndroidManifest.xml:26:22-79
27    <uses-permission android:name="com.google.android.gms.permission.AD_ID" />
27-->[com.google.android.gms:play-services-measurement-api:21.5.0] AndroidManifest.xml:25:5-79
27-->[com.google.android.gms:play-services-measurement-api:21.5.0] AndroidManifest.xml:25:22-76
28    <uses-permission android:name="android.permission.ACCESS_ADSERVICES_ATTRIBUTION" />
28-->[com.google.android.gms:play-services-measurement-api:21.5.0] AndroidManifest.xml:26:5-88
28-->[com.google.android.gms:play-services-measurement-api:21.5.0] AndroidManifest.xml:26:22-85
29    <uses-permission android:name="android.permission.ACCESS_ADSERVICES_AD_ID" />
29-->[com.google.android.gms:play-services-measurement-api:21.5.0] AndroidManifest.xml:27:5-82
29-->[com.google.android.gms:play-services-measurement-api:21.5.0] AndroidManifest.xml:27:22-79
30    <uses-permission android:name="com.google.android.finsky.permission.BIND_GET_INSTALL_REFERRER_SERVICE" />
30-->[com.google.android.gms:play-services-measurement:21.5.0] AndroidManifest.xml:26:5-110
30-->[com.google.android.gms:play-services-measurement:21.5.0] AndroidManifest.xml:26:22-107
31
32    <permission
32-->[androidx.core:core:1.17.0] AndroidManifest.xml:22:5-24:47
33        android:name="com.cinepass.DYNAMIC_RECEIVER_NOT_EXPORTED_PERMISSION"
33-->[androidx.core:core:1.17.0] AndroidManifest.xml:23:9-81
34        android:protectionLevel="signature" />
34-->[androidx.core:core:1.17.0] AndroidManifest.xml:24:9-44
35
36    <uses-permission android:name="com.cinepass.DYNAMIC_RECEIVER_NOT_EXPORTED_PERMISSION" />
36-->[androidx.core:core:1.17.0] AndroidManifest.xml:26:5-97
36-->[androidx.core:core:1.17.0] AndroidManifest.xml:26:22-94
37
38    <application
38-->src\main\AndroidManifest.xml:9:5-98:19
39        android:name="com.cinepass.CinepassApp"
39-->src\main\AndroidManifest.xml:10:9-36
40        android:allowBackup="true"
40-->src\main\AndroidManifest.xml:11:9-35
41        android:appComponentFactory="androidx.core.app.CoreComponentFactory"
41-->[androidx.core:core:1.17.0] AndroidManifest.xml:28:18-86
42        android:dataExtractionRules="@xml/data_extraction_rules"
42-->src\main\AndroidManifest.xml:13:9-65
43        android:enableOnBackInvokedCallback="true"
43-->src\main\AndroidManifest.xml:12:9-51
44        android:extractNativeLibs="false"
45        android:fullBackupContent="@xml/backup_rules"
45-->src\main\AndroidManifest.xml:14:9-54
46        android:icon="@mipmap/ic_launcher"
46-->src\main\AndroidManifest.xml:15:9-43
47        android:label="@string/app_name"
47-->src\main\AndroidManifest.xml:16:9-41
48        android:networkSecurityConfig="@xml/network_security_config"
48-->src\main\AndroidManifest.xml:20:9-69
49        android:roundIcon="@mipmap/ic_launcher_round"
49-->src\main\AndroidManifest.xml:17:9-54
50        android:supportsRtl="true"
50-->src\main\AndroidManifest.xml:18:9-35
51        android:theme="@style/Theme.Fanverse" >
51-->src\main\AndroidManifest.xml:19:9-46
52        <activity
52-->src\main\AndroidManifest.xml:22:9-79:20
53            android:name="com.cinepass.MainActivity"
53-->src\main\AndroidManifest.xml:23:13-41
54            android:exported="true"
54-->src\main\AndroidManifest.xml:24:13-36
55            android:label="@string/app_name"
55-->src\main\AndroidManifest.xml:25:13-45
56            android:launchMode="singleTask"
56-->src\main\AndroidManifest.xml:26:13-44
57            android:theme="@style/Theme.Fanverse" >
57-->src\main\AndroidManifest.xml:27:13-50
58            <intent-filter>
58-->src\main\AndroidManifest.xml:28:13-32:29
59                <action android:name="android.intent.action.MAIN" />
59-->src\main\AndroidManifest.xml:29:17-69
59-->src\main\AndroidManifest.xml:29:25-66
60
61                <category android:name="android.intent.category.LAUNCHER" />
61-->src\main\AndroidManifest.xml:31:17-77
61-->src\main\AndroidManifest.xml:31:27-74
62            </intent-filter>
63
64            <!-- Custom scheme deep link: cinepass://register?ref=CODE -->
65            <intent-filter>
65-->src\main\AndroidManifest.xml:35:13-43:29
66                <action android:name="android.intent.action.VIEW" />
66-->src\main\AndroidManifest.xml:36:17-69
66-->src\main\AndroidManifest.xml:36:25-66
67
68                <category android:name="android.intent.category.DEFAULT" />
68-->src\main\AndroidManifest.xml:37:17-76
68-->src\main\AndroidManifest.xml:37:27-73
69                <category android:name="android.intent.category.BROWSABLE" />
69-->src\main\AndroidManifest.xml:38:17-78
69-->src\main\AndroidManifest.xml:38:27-75
70
71                <data
71-->src\main\AndroidManifest.xml:40:17-42:47
72                    android:host="register"
72-->src\main\AndroidManifest.xml:42:21-44
73                    android:scheme="cinepass" />
73-->src\main\AndroidManifest.xml:41:21-46
74            </intent-filter>
75
76            <!-- cinepass://dl?ref=CODE — also handled (download-page links) -->
77            <intent-filter>
77-->src\main\AndroidManifest.xml:46:13-54:29
78                <action android:name="android.intent.action.VIEW" />
78-->src\main\AndroidManifest.xml:36:17-69
78-->src\main\AndroidManifest.xml:36:25-66
79
80                <category android:name="android.intent.category.DEFAULT" />
80-->src\main\AndroidManifest.xml:37:17-76
80-->src\main\AndroidManifest.xml:37:27-73
81                <category android:name="android.intent.category.BROWSABLE" />
81-->src\main\AndroidManifest.xml:38:17-78
81-->src\main\AndroidManifest.xml:38:27-75
82
83                <data
83-->src\main\AndroidManifest.xml:40:17-42:47
84                    android:host="dl"
84-->src\main\AndroidManifest.xml:42:21-44
85                    android:scheme="cinepass" />
85-->src\main\AndroidManifest.xml:41:21-46
86            </intent-filter>
87
88            <!-- HTTPS deep link (for future use with verified domain) -->
89            <intent-filter android:autoVerify="true" >
89-->src\main\AndroidManifest.xml:57:13-66:29
89-->src\main\AndroidManifest.xml:57:28-53
90                <action android:name="android.intent.action.VIEW" />
90-->src\main\AndroidManifest.xml:36:17-69
90-->src\main\AndroidManifest.xml:36:25-66
91
92                <category android:name="android.intent.category.DEFAULT" />
92-->src\main\AndroidManifest.xml:37:17-76
92-->src\main\AndroidManifest.xml:37:27-73
93                <category android:name="android.intent.category.BROWSABLE" />
93-->src\main\AndroidManifest.xml:38:17-78
93-->src\main\AndroidManifest.xml:38:27-75
94
95                <data
95-->src\main\AndroidManifest.xml:40:17-42:47
96                    android:host="cinepass.app"
96-->src\main\AndroidManifest.xml:42:21-44
97                    android:pathPrefix="/register"
97-->src\main\AndroidManifest.xml:65:21-51
98                    android:scheme="https" />
98-->src\main\AndroidManifest.xml:41:21-46
99            </intent-filter>
100
101            <!-- HTTPS deep link for rs3films.com download page -->
102            <intent-filter android:autoVerify="true" >
102-->src\main\AndroidManifest.xml:69:13-78:29
102-->src\main\AndroidManifest.xml:69:28-53
103                <action android:name="android.intent.action.VIEW" />
103-->src\main\AndroidManifest.xml:36:17-69
103-->src\main\AndroidManifest.xml:36:25-66
104
105                <category android:name="android.intent.category.DEFAULT" />
105-->src\main\AndroidManifest.xml:37:17-76
105-->src\main\AndroidManifest.xml:37:27-73
106                <category android:name="android.intent.category.BROWSABLE" />
106-->src\main\AndroidManifest.xml:38:17-78
106-->src\main\AndroidManifest.xml:38:27-75
107
108                <data
108-->src\main\AndroidManifest.xml:40:17-42:47
109                    android:host="rs3films.com"
109-->src\main\AndroidManifest.xml:42:21-44
110                    android:pathPrefix="/dl"
110-->src\main\AndroidManifest.xml:65:21-51
111                    android:scheme="https" />
111-->src\main\AndroidManifest.xml:41:21-46
112            </intent-filter>
113        </activity>
114
115        <provider
116            android:name="androidx.core.content.FileProvider"
116-->src\main\AndroidManifest.xml:82:13-62
117            android:authorities="com.cinepass.fileprovider"
117-->src\main\AndroidManifest.xml:83:13-64
118            android:exported="false"
118-->src\main\AndroidManifest.xml:84:13-37
119            android:grantUriPermissions="true" >
119-->src\main\AndroidManifest.xml:85:13-47
120            <meta-data
120-->src\main\AndroidManifest.xml:86:13-88:54
121                android:name="android.support.FILE_PROVIDER_PATHS"
121-->src\main\AndroidManifest.xml:87:17-67
122                android:resource="@xml/file_paths" />
122-->src\main\AndroidManifest.xml:88:17-51
123        </provider>
124
125        <service
125-->src\main\AndroidManifest.xml:91:13-97:23
126            android:name="com.cinepass.services.FirebaseMessagingService"
126-->src\main\AndroidManifest.xml:92:17-66
127            android:exported="false" >
127-->src\main\AndroidManifest.xml:93:17-41
128            <intent-filter>
128-->src\main\AndroidManifest.xml:94:17-96:33
129                <action android:name="com.google.firebase.MESSAGING_EVENT" />
129-->src\main\AndroidManifest.xml:95:21-82
129-->src\main\AndroidManifest.xml:95:29-79
130            </intent-filter>
131        </service>
132        <service
132-->[com.google.firebase:firebase-messaging-ktx:23.4.0] AndroidManifest.xml:23:9-29:19
133            android:name="com.google.firebase.components.ComponentDiscoveryService"
133-->[com.google.firebase:firebase-messaging-ktx:23.4.0] AndroidManifest.xml:24:13-84
134            android:directBootAware="true"
134-->[com.google.firebase:firebase-common:20.4.2] AndroidManifest.xml:32:13-43
135            android:exported="false" >
135-->[com.google.firebase:firebase-messaging-ktx:23.4.0] AndroidManifest.xml:25:13-37
136            <meta-data
136-->[com.google.firebase:firebase-messaging-ktx:23.4.0] AndroidManifest.xml:26:13-28:85
137                android:name="com.google.firebase.components:com.google.firebase.messaging.ktx.FirebaseMessagingLegacyRegistrar"
137-->[com.google.firebase:firebase-messaging-ktx:23.4.0] AndroidManifest.xml:27:17-129
138                android:value="com.google.firebase.components.ComponentRegistrar" />
138-->[com.google.firebase:firebase-messaging-ktx:23.4.0] AndroidManifest.xml:28:17-82
139            <meta-data
139-->[com.google.firebase:firebase-messaging:23.4.0] AndroidManifest.xml:57:13-59:85
140                android:name="com.google.firebase.components:com.google.firebase.messaging.FirebaseMessagingKtxRegistrar"
140-->[com.google.firebase:firebase-messaging:23.4.0] AndroidManifest.xml:58:17-122
141                android:value="com.google.firebase.components.ComponentRegistrar" />
141-->[com.google.firebase:firebase-messaging:23.4.0] AndroidManifest.xml:59:17-82
142            <meta-data
142-->[com.google.firebase:firebase-messaging:23.4.0] AndroidManifest.xml:60:13-62:85
143                android:name="com.google.firebase.components:com.google.firebase.messaging.FirebaseMessagingRegistrar"
143-->[com.google.firebase:firebase-messaging:23.4.0] AndroidManifest.xml:61:17-119
144                android:value="com.google.firebase.components.ComponentRegistrar" />
144-->[com.google.firebase:firebase-messaging:23.4.0] AndroidManifest.xml:62:17-82
145            <meta-data
145-->[com.google.firebase:firebase-analytics-ktx:21.5.0] AndroidManifest.xml:11:13-13:85
146                android:name="com.google.firebase.components:com.google.firebase.analytics.ktx.FirebaseAnalyticsLegacyRegistrar"
146-->[com.google.firebase:firebase-analytics-ktx:21.5.0] AndroidManifest.xml:12:17-129
147                android:value="com.google.firebase.components.ComponentRegistrar" />
147-->[com.google.firebase:firebase-analytics-ktx:21.5.0] AndroidManifest.xml:13:17-82
148            <meta-data
148-->[com.google.android.gms:play-services-measurement-api:21.5.0] AndroidManifest.xml:37:13-39:85
149                android:name="com.google.firebase.components:com.google.firebase.analytics.connector.internal.AnalyticsConnectorRegistrar"
149-->[com.google.android.gms:play-services-measurement-api:21.5.0] AndroidManifest.xml:38:17-139
150                android:value="com.google.firebase.components.ComponentRegistrar" />
150-->[com.google.android.gms:play-services-measurement-api:21.5.0] AndroidManifest.xml:39:17-82
151            <meta-data
151-->[com.google.firebase:firebase-installations:17.2.0] AndroidManifest.xml:15:13-17:85
152                android:name="com.google.firebase.components:com.google.firebase.installations.FirebaseInstallationsKtxRegistrar"
152-->[com.google.firebase:firebase-installations:17.2.0] AndroidManifest.xml:16:17-130
153                android:value="com.google.firebase.components.ComponentRegistrar" />
153-->[com.google.firebase:firebase-installations:17.2.0] AndroidManifest.xml:17:17-82
154            <meta-data
154-->[com.google.firebase:firebase-installations:17.2.0] AndroidManifest.xml:18:13-20:85
155                android:name="com.google.firebase.components:com.google.firebase.installations.FirebaseInstallationsRegistrar"
155-->[com.google.firebase:firebase-installations:17.2.0] AndroidManifest.xml:19:17-127
156                android:value="com.google.firebase.components.ComponentRegistrar" />
156-->[com.google.firebase:firebase-installations:17.2.0] AndroidManifest.xml:20:17-82
157            <meta-data
157-->[com.google.firebase:firebase-common-ktx:20.4.2] AndroidManifest.xml:12:13-14:85
158                android:name="com.google.firebase.components:com.google.firebase.ktx.FirebaseCommonLegacyRegistrar"
158-->[com.google.firebase:firebase-common-ktx:20.4.2] AndroidManifest.xml:13:17-116
159                android:value="com.google.firebase.components.ComponentRegistrar" />
159-->[com.google.firebase:firebase-common-ktx:20.4.2] AndroidManifest.xml:14:17-82
160            <meta-data
160-->[com.google.firebase:firebase-common:20.4.2] AndroidManifest.xml:35:13-37:85
161                android:name="com.google.firebase.components:com.google.firebase.FirebaseCommonKtxRegistrar"
161-->[com.google.firebase:firebase-common:20.4.2] AndroidManifest.xml:36:17-109
162                android:value="com.google.firebase.components.ComponentRegistrar" />
162-->[com.google.firebase:firebase-common:20.4.2] AndroidManifest.xml:37:17-82
163            <meta-data
163-->[com.google.firebase:firebase-datatransport:18.1.7] AndroidManifest.xml:27:13-29:85
164                android:name="com.google.firebase.components:com.google.firebase.datatransport.TransportRegistrar"
164-->[com.google.firebase:firebase-datatransport:18.1.7] AndroidManifest.xml:28:17-115
165                android:value="com.google.firebase.components.ComponentRegistrar" />
165-->[com.google.firebase:firebase-datatransport:18.1.7] AndroidManifest.xml:29:17-82
166        </service>
167
168        <receiver
168-->[com.google.firebase:firebase-messaging:23.4.0] AndroidManifest.xml:29:9-40:20
169            android:name="com.google.firebase.iid.FirebaseInstanceIdReceiver"
169-->[com.google.firebase:firebase-messaging:23.4.0] AndroidManifest.xml:30:13-78
170            android:exported="true"
170-->[com.google.firebase:firebase-messaging:23.4.0] AndroidManifest.xml:31:13-36
171            android:permission="com.google.android.c2dm.permission.SEND" >
171-->[com.google.firebase:firebase-messaging:23.4.0] AndroidManifest.xml:32:13-73
172            <intent-filter>
172-->[com.google.firebase:firebase-messaging:23.4.0] AndroidManifest.xml:33:13-35:29
173                <action android:name="com.google.android.c2dm.intent.RECEIVE" />
173-->[com.google.firebase:firebase-messaging:23.4.0] AndroidManifest.xml:34:17-81
173-->[com.google.firebase:firebase-messaging:23.4.0] AndroidManifest.xml:34:25-78
174            </intent-filter>
175
176            <meta-data
176-->[com.google.firebase:firebase-messaging:23.4.0] AndroidManifest.xml:37:13-39:40
177                android:name="com.google.android.gms.cloudmessaging.FINISHED_AFTER_HANDLED"
177-->[com.google.firebase:firebase-messaging:23.4.0] AndroidManifest.xml:38:17-92
178                android:value="true" />
178-->[com.google.firebase:firebase-messaging:23.4.0] AndroidManifest.xml:39:17-37
179        </receiver>
180        <!--
181             FirebaseMessagingService performs security checks at runtime,
182             but set to not exported to explicitly avoid allowing another app to call it.
183        -->
184        <service
184-->[com.google.firebase:firebase-messaging:23.4.0] AndroidManifest.xml:46:9-53:19
185            android:name="com.google.firebase.messaging.FirebaseMessagingService"
185-->[com.google.firebase:firebase-messaging:23.4.0] AndroidManifest.xml:47:13-82
186            android:directBootAware="true"
186-->[com.google.firebase:firebase-messaging:23.4.0] AndroidManifest.xml:48:13-43
187            android:exported="false" >
187-->[com.google.firebase:firebase-messaging:23.4.0] AndroidManifest.xml:49:13-37
188            <intent-filter android:priority="-500" >
188-->src\main\AndroidManifest.xml:94:17-96:33
189                <action android:name="com.google.firebase.MESSAGING_EVENT" />
189-->src\main\AndroidManifest.xml:95:21-82
189-->src\main\AndroidManifest.xml:95:29-79
190            </intent-filter>
191        </service>
192
193        <property
193-->[com.google.android.gms:play-services-measurement-api:21.5.0] AndroidManifest.xml:30:9-32:61
194            android:name="android.adservices.AD_SERVICES_CONFIG"
194-->[com.google.android.gms:play-services-measurement-api:21.5.0] AndroidManifest.xml:31:13-65
195            android:resource="@xml/ga_ad_services_config" />
195-->[com.google.android.gms:play-services-measurement-api:21.5.0] AndroidManifest.xml:32:13-58
196
197        <provider
197-->[com.google.firebase:firebase-common:20.4.2] AndroidManifest.xml:23:9-28:39
198            android:name="com.google.firebase.provider.FirebaseInitProvider"
198-->[com.google.firebase:firebase-common:20.4.2] AndroidManifest.xml:24:13-77
199            android:authorities="com.cinepass.firebaseinitprovider"
199-->[com.google.firebase:firebase-common:20.4.2] AndroidManifest.xml:25:13-72
200            android:directBootAware="true"
200-->[com.google.firebase:firebase-common:20.4.2] AndroidManifest.xml:26:13-43
201            android:exported="false"
201-->[com.google.firebase:firebase-common:20.4.2] AndroidManifest.xml:27:13-37
202            android:initOrder="100" />
202-->[com.google.firebase:firebase-common:20.4.2] AndroidManifest.xml:28:13-36
203
204        <activity
204-->[com.google.android.gms:play-services-base:18.0.1] AndroidManifest.xml:20:9-22:45
205            android:name="com.google.android.gms.common.api.GoogleApiActivity"
205-->[com.google.android.gms:play-services-base:18.0.1] AndroidManifest.xml:20:19-85
206            android:exported="false"
206-->[com.google.android.gms:play-services-base:18.0.1] AndroidManifest.xml:22:19-43
207            android:theme="@android:style/Theme.Translucent.NoTitleBar" />
207-->[com.google.android.gms:play-services-base:18.0.1] AndroidManifest.xml:21:19-78
208
209        <provider
209-->[org.jetbrains.compose.components:components-resources-android:1.11.1] AndroidManifest.xml:8:9-13:20
210            android:name="org.jetbrains.compose.resources.AndroidContextProvider"
210-->[org.jetbrains.compose.components:components-resources-android:1.11.1] AndroidManifest.xml:9:13-82
211            android:authorities="com.cinepass.resources.AndroidContextProvider"
211-->[org.jetbrains.compose.components:components-resources-android:1.11.1] AndroidManifest.xml:10:13-84
212            android:enabled="true"
212-->[org.jetbrains.compose.components:components-resources-android:1.11.1] AndroidManifest.xml:11:13-35
213            android:exported="false" >
213-->[org.jetbrains.compose.components:components-resources-android:1.11.1] AndroidManifest.xml:12:13-37
214        </provider>
215
216        <receiver
216-->[com.google.android.gms:play-services-measurement:21.5.0] AndroidManifest.xml:29:9-33:20
217            android:name="com.google.android.gms.measurement.AppMeasurementReceiver"
217-->[com.google.android.gms:play-services-measurement:21.5.0] AndroidManifest.xml:30:13-85
218            android:enabled="true"
218-->[com.google.android.gms:play-services-measurement:21.5.0] AndroidManifest.xml:31:13-35
219            android:exported="false" >
219-->[com.google.android.gms:play-services-measurement:21.5.0] AndroidManifest.xml:32:13-37
220        </receiver>
221
222        <service
222-->[com.google.android.gms:play-services-measurement:21.5.0] AndroidManifest.xml:35:9-38:40
223            android:name="com.google.android.gms.measurement.AppMeasurementService"
223-->[com.google.android.gms:play-services-measurement:21.5.0] AndroidManifest.xml:36:13-84
224            android:enabled="true"
224-->[com.google.android.gms:play-services-measurement:21.5.0] AndroidManifest.xml:37:13-35
225            android:exported="false" />
225-->[com.google.android.gms:play-services-measurement:21.5.0] AndroidManifest.xml:38:13-37
226        <service
226-->[com.google.android.gms:play-services-measurement:21.5.0] AndroidManifest.xml:39:9-43:72
227            android:name="com.google.android.gms.measurement.AppMeasurementJobService"
227-->[com.google.android.gms:play-services-measurement:21.5.0] AndroidManifest.xml:40:13-87
228            android:enabled="true"
228-->[com.google.android.gms:play-services-measurement:21.5.0] AndroidManifest.xml:41:13-35
229            android:exported="false"
229-->[com.google.android.gms:play-services-measurement:21.5.0] AndroidManifest.xml:42:13-37
230            android:permission="android.permission.BIND_JOB_SERVICE" />
230-->[com.google.android.gms:play-services-measurement:21.5.0] AndroidManifest.xml:43:13-69
231
232        <provider
232-->[androidx.emoji2:emoji2:1.4.0] AndroidManifest.xml:24:9-32:20
233            android:name="androidx.startup.InitializationProvider"
233-->[androidx.emoji2:emoji2:1.4.0] AndroidManifest.xml:25:13-67
234            android:authorities="com.cinepass.androidx-startup"
234-->[androidx.emoji2:emoji2:1.4.0] AndroidManifest.xml:26:13-68
235            android:exported="false" >
235-->[androidx.emoji2:emoji2:1.4.0] AndroidManifest.xml:27:13-37
236            <meta-data
236-->[androidx.emoji2:emoji2:1.4.0] AndroidManifest.xml:29:13-31:52
237                android:name="androidx.emoji2.text.EmojiCompatInitializer"
237-->[androidx.emoji2:emoji2:1.4.0] AndroidManifest.xml:30:17-75
238                android:value="androidx.startup" />
238-->[androidx.emoji2:emoji2:1.4.0] AndroidManifest.xml:31:17-49
239            <meta-data
239-->[androidx.lifecycle:lifecycle-process:2.9.4] AndroidManifest.xml:29:13-31:52
240                android:name="androidx.lifecycle.ProcessLifecycleInitializer"
240-->[androidx.lifecycle:lifecycle-process:2.9.4] AndroidManifest.xml:30:17-78
241                android:value="androidx.startup" />
241-->[androidx.lifecycle:lifecycle-process:2.9.4] AndroidManifest.xml:31:17-49
242            <meta-data
242-->[com.russhwolf:multiplatform-settings-no-arg-android:1.1.1] AndroidManifest.xml:29:13-31:52
243                android:name="com.russhwolf.settings.SettingsInitializer"
243-->[com.russhwolf:multiplatform-settings-no-arg-android:1.1.1] AndroidManifest.xml:30:17-74
244                android:value="androidx.startup" />
244-->[com.russhwolf:multiplatform-settings-no-arg-android:1.1.1] AndroidManifest.xml:31:17-49
245            <meta-data
245-->[androidx.profileinstaller:profileinstaller:1.4.0] AndroidManifest.xml:29:13-31:52
246                android:name="androidx.profileinstaller.ProfileInstallerInitializer"
246-->[androidx.profileinstaller:profileinstaller:1.4.0] AndroidManifest.xml:30:17-85
247                android:value="androidx.startup" />
247-->[androidx.profileinstaller:profileinstaller:1.4.0] AndroidManifest.xml:31:17-49
248        </provider>
249
250        <uses-library
250-->[androidx.window:window:1.5.0] AndroidManifest.xml:23:9-25:40
251            android:name="androidx.window.extensions"
251-->[androidx.window:window:1.5.0] AndroidManifest.xml:24:13-54
252            android:required="false" />
252-->[androidx.window:window:1.5.0] AndroidManifest.xml:25:13-37
253        <uses-library
253-->[androidx.window:window:1.5.0] AndroidManifest.xml:26:9-28:40
254            android:name="androidx.window.sidecar"
254-->[androidx.window:window:1.5.0] AndroidManifest.xml:27:13-51
255            android:required="false" />
255-->[androidx.window:window:1.5.0] AndroidManifest.xml:28:13-37
256        <uses-library
256-->[androidx.privacysandbox.ads:ads-adservices:1.0.0-beta05] AndroidManifest.xml:23:9-25:40
257            android:name="android.ext.adservices"
257-->[androidx.privacysandbox.ads:ads-adservices:1.0.0-beta05] AndroidManifest.xml:24:13-50
258            android:required="false" />
258-->[androidx.privacysandbox.ads:ads-adservices:1.0.0-beta05] AndroidManifest.xml:25:13-37
259
260        <meta-data
260-->[com.google.android.gms:play-services-basement:18.1.0] AndroidManifest.xml:21:9-23:69
261            android:name="com.google.android.gms.version"
261-->[com.google.android.gms:play-services-basement:18.1.0] AndroidManifest.xml:22:13-58
262            android:value="@integer/google_play_services_version" />
262-->[com.google.android.gms:play-services-basement:18.1.0] AndroidManifest.xml:23:13-66
263
264        <receiver
264-->[androidx.profileinstaller:profileinstaller:1.4.0] AndroidManifest.xml:34:9-52:20
265            android:name="androidx.profileinstaller.ProfileInstallReceiver"
265-->[androidx.profileinstaller:profileinstaller:1.4.0] AndroidManifest.xml:35:13-76
266            android:directBootAware="false"
266-->[androidx.profileinstaller:profileinstaller:1.4.0] AndroidManifest.xml:36:13-44
267            android:enabled="true"
267-->[androidx.profileinstaller:profileinstaller:1.4.0] AndroidManifest.xml:37:13-35
268            android:exported="true"
268-->[androidx.profileinstaller:profileinstaller:1.4.0] AndroidManifest.xml:38:13-36
269            android:permission="android.permission.DUMP" >
269-->[androidx.profileinstaller:profileinstaller:1.4.0] AndroidManifest.xml:39:13-57
270            <intent-filter>
270-->[androidx.profileinstaller:profileinstaller:1.4.0] AndroidManifest.xml:40:13-42:29
271                <action android:name="androidx.profileinstaller.action.INSTALL_PROFILE" />
271-->[androidx.profileinstaller:profileinstaller:1.4.0] AndroidManifest.xml:41:17-91
271-->[androidx.profileinstaller:profileinstaller:1.4.0] AndroidManifest.xml:41:25-88
272            </intent-filter>
273            <intent-filter>
273-->[androidx.profileinstaller:profileinstaller:1.4.0] AndroidManifest.xml:43:13-45:29
274                <action android:name="androidx.profileinstaller.action.SKIP_FILE" />
274-->[androidx.profileinstaller:profileinstaller:1.4.0] AndroidManifest.xml:44:17-85
274-->[androidx.profileinstaller:profileinstaller:1.4.0] AndroidManifest.xml:44:25-82
275            </intent-filter>
276            <intent-filter>
276-->[androidx.profileinstaller:profileinstaller:1.4.0] AndroidManifest.xml:46:13-48:29
277                <action android:name="androidx.profileinstaller.action.SAVE_PROFILE" />
277-->[androidx.profileinstaller:profileinstaller:1.4.0] AndroidManifest.xml:47:17-88
277-->[androidx.profileinstaller:profileinstaller:1.4.0] AndroidManifest.xml:47:25-85
278            </intent-filter>
279            <intent-filter>
279-->[androidx.profileinstaller:profileinstaller:1.4.0] AndroidManifest.xml:49:13-51:29
280                <action android:name="androidx.profileinstaller.action.BENCHMARK_OPERATION" />